debug: Sat, 20 Aug 2022 00:07:45 GMT
debug: Project: C:\Users\zxq\Desktop\飞机大战\NewProject
debug: Targets: editor,preview
debug: Incremental file seems great.
debug: Engine path: D:\CocosDashboard\resources\.editors\Creator\3.5.2\resources\resources\3d\engine
debug: Initializing target [Editor]
debug: Loading cache
debug: Loading cache costs 4.430200000002515ms.
debug: Engine features shipped in editor: base,gfx-webgl,gfx-webgl2,3d,animation,skeletal-animation,2d,ui,particle,particle-2d,physics-framework,physics-2d-framework,intersection-2d,primitive,profiler,audio,video,terrain,webview,tween,tiled-map,spine,dragon-bones,marionette
debug: Initializing target [Preview]
debug: Loading cache
debug: Loading cache costs 3.900900000007823ms.
debug: Sync engine features: 2d,animation,audio,base,dragon-bones,gfx-webgl,gfx-webgl2,intersection-2d,marionette,particle-2d,physics-2d-builtin,profiler,skeletal-animation,spine,tiled-map,tween,ui,video,webview
debug: Pulling asset-db.
debug: Fetch asset-db cost: 56.34460000001127ms.
debug: Build iteration starts.
Number of accumulated asset changes: 12
Feature changed: false
debug: Target(editor) build started.
debug: Detected change: cce:/internal/x/cc. Last mtime: Thu Jan 01 1970 08:00:11 GMT+0800 (中国标准时间), Current mtime: Thu Jan 01 1970 08:00:18 GMT+0800 (中国标准时间)
debug: Inspect cce:/internal/x/cc
debug: Resolve cce:/internal/x/cc-fu/base from cce:/internal/x/cc as external dependency cce:/internal/x/cc-fu/base.
debug: Resolve cce:/internal/x/cc-fu/gfx-webgl from cce:/internal/x/cc as external dependency cce:/internal/x/cc-fu/gfx-webgl.
debug: Resolve cce:/internal/x/cc-fu/gfx-webgl2 from cce:/internal/x/cc as external dependency cce:/internal/x/cc-fu/gfx-webgl2.
debug: Resolve cce:/internal/x/cc-fu/3d from cce:/internal/x/cc as external dependency cce:/internal/x/cc-fu/3d.
debug: Resolve cce:/internal/x/cc-fu/animation from cce:/internal/x/cc as external dependency cce:/internal/x/cc-fu/animation.
debug: Resolve cce:/internal/x/cc-fu/skeletal-animation from cce:/internal/x/cc as external dependency cce:/internal/x/cc-fu/skeletal-animation.
debug: Resolve cce:/internal/x/cc-fu/2d from cce:/internal/x/cc as external dependency cce:/internal/x/cc-fu/2d.
debug: Resolve cce:/internal/x/cc-fu/ui from cce:/internal/x/cc as external dependency cce:/internal/x/cc-fu/ui.
debug: Resolve cce:/internal/x/cc-fu/particle from cce:/internal/x/cc as external dependency cce:/internal/x/cc-fu/particle.
debug: Resolve cce:/internal/x/cc-fu/particle-2d from cce:/internal/x/cc as external dependency cce:/internal/x/cc-fu/particle-2d.
debug: Resolve cce:/internal/x/cc-fu/physics-framework from cce:/internal/x/cc as external dependency cce:/internal/x/cc-fu/physics-framework.
debug: Resolve cce:/internal/x/cc-fu/physics-2d-framework from cce:/internal/x/cc as external dependency cce:/internal/x/cc-fu/physics-2d-framework.
debug: Resolve cce:/internal/x/cc-fu/intersection-2d from cce:/internal/x/cc as external dependency cce:/internal/x/cc-fu/intersection-2d.
debug: Resolve cce:/internal/x/cc-fu/primitive from cce:/internal/x/cc as external dependency cce:/internal/x/cc-fu/primitive.
debug: Resolve cce:/internal/x/cc-fu/profiler from cce:/internal/x/cc as external dependency cce:/internal/x/cc-fu/profiler.
debug: Resolve cce:/internal/x/cc-fu/audio from cce:/internal/x/cc as external dependency cce:/internal/x/cc-fu/audio.
debug: Resolve cce:/internal/x/cc-fu/video from cce:/internal/x/cc as external dependency cce:/internal/x/cc-fu/video.
debug: Resolve cce:/internal/x/cc-fu/terrain from cce:/internal/x/cc as external dependency cce:/internal/x/cc-fu/terrain.
debug: Resolve cce:/internal/x/cc-fu/webview from cce:/internal/x/cc as external dependency cce:/internal/x/cc-fu/webview.
debug: Resolve cce:/internal/x/cc-fu/tween from cce:/internal/x/cc as external dependency cce:/internal/x/cc-fu/tween.
debug: Resolve cce:/internal/x/cc-fu/tiled-map from cce:/internal/x/cc as external dependency cce:/internal/x/cc-fu/tiled-map.
debug: Resolve cce:/internal/x/cc-fu/spine from cce:/internal/x/cc as external dependency cce:/internal/x/cc-fu/spine.
debug: Resolve cce:/internal/x/cc-fu/dragon-bones from cce:/internal/x/cc as external dependency cce:/internal/x/cc-fu/dragon-bones.
debug: Detected change: cce:/internal/x/prerequisite-imports. Last mtime: Thu Jan 01 1970 08:39:52 GMT+0800 (中国标准时间), Current mtime: Thu Jan 01 1970 08:00:18 GMT+0800 (中国标准时间)
debug: Inspect cce:/internal/x/prerequisite-imports
debug: Resolve file:///C:/Users/zxq/Desktop/%E9%A3%9E%E6%9C%BA%E5%A4%A7%E6%88%98/NewProject/assets/script/Begin.ts from cce:/internal/x/prerequisite-imports as file:///C:/Users/zxq/Desktop/%E9%A3%9E%E6%9C%BA%E5%A4%A7%E6%88%98/NewProject/assets/script/Begin.ts.
debug: Resolve file:///C:/Users/zxq/Desktop/%E9%A3%9E%E6%9C%BA%E5%A4%A7%E6%88%98/NewProject/assets/script/Bgcontrol.ts from cce:/internal/x/prerequisite-imports as file:///C:/Users/zxq/Desktop/%E9%A3%9E%E6%9C%BA%E5%A4%A7%E6%88%98/NewProject/assets/script/Bgcontrol.ts.
debug: Resolve file:///C:/Users/zxq/Desktop/%E9%A3%9E%E6%9C%BA%E5%A4%A7%E6%88%98/NewProject/assets/script/Collider.ts from cce:/internal/x/prerequisite-imports as file:///C:/Users/zxq/Desktop/%E9%A3%9E%E6%9C%BA%E5%A4%A7%E6%88%98/NewProject/assets/script/Collider.ts.
debug: Detected change: cce:/internal/code-quality/cr.mjs. Last mtime: Fri Aug 19 2022 10:59:52 GMT+0800 (中国标准时间), Current mtime: Sat Aug 20 2022 08:07:27 GMT+0800 (中国标准时间)
debug: Inspect cce:/internal/code-quality/cr.mjs
debug: Detected change: file:///C:/Users/zxq/Desktop/%E9%A3%9E%E6%9C%BA%E5%A4%A7%E6%88%98/NewProject/assets/script/EnemyBullet.ts. Last mtime: Fri Aug 19 2022 10:43:19 GMT+0800 (中国标准时间)@5132c83e-a957-4398-a032-e2acfb112601, Current mtime: Fri Aug 19 2022 11:42:00 GMT+0800 (中国标准时间)@5132c83e-a957-4398-a032-e2acfb112601
debug: Inspect file:///C:/Users/zxq/Desktop/%E9%A3%9E%E6%9C%BA%E5%A4%A7%E6%88%98/NewProject/assets/script/EnemyBullet.ts
debug: Resolve cc from file:///C:/Users/zxq/Desktop/%E9%A3%9E%E6%9C%BA%E5%A4%A7%E6%88%98/NewProject/assets/script/EnemyBullet.ts as cce:/internal/x/cc.
debug: Resolve cc from file:///C:/Users/zxq/Desktop/%E9%A3%9E%E6%9C%BA%E5%A4%A7%E6%88%98/NewProject/assets/script/EnemyBullet.ts as cce:/internal/x/cc.
debug: Resolve file:///C:/Users/zxq/Desktop/%E9%A3%9E%E6%9C%BA%E5%A4%A7%E6%88%98/NewProject/assets/script/Enemy.ts from cce:/internal/x/prerequisite-imports as file:///C:/Users/zxq/Desktop/%E9%A3%9E%E6%9C%BA%E5%A4%A7%E6%88%98/NewProject/assets/script/Enemy.ts.
debug: Resolve file:///C:/Users/zxq/Desktop/%E9%A3%9E%E6%9C%BA%E5%A4%A7%E6%88%98/NewProject/assets/script/Enemy1.ts from cce:/internal/x/prerequisite-imports as file:///C:/Users/zxq/Desktop/%E9%A3%9E%E6%9C%BA%E5%A4%A7%E6%88%98/NewProject/assets/script/Enemy1.ts.
debug: Resolve file:///C:/Users/zxq/Desktop/%E9%A3%9E%E6%9C%BA%E5%A4%A7%E6%88%98/NewProject/assets/script/EnemyBullet.ts from cce:/internal/x/prerequisite-imports as file:///C:/Users/zxq/Desktop/%E9%A3%9E%E6%9C%BA%E5%A4%A7%E6%88%98/NewProject/assets/script/EnemyBullet.ts.
debug: Resolve file:///C:/Users/zxq/Desktop/%E9%A3%9E%E6%9C%BA%E5%A4%A7%E6%88%98/NewProject/assets/script/EnemyBullet1.ts from cce:/internal/x/prerequisite-imports as file:///C:/Users/zxq/Desktop/%E9%A3%9E%E6%9C%BA%E5%A4%A7%E6%88%98/NewProject/assets/script/EnemyBullet1.ts.
debug: Resolve file:///C:/Users/zxq/Desktop/%E9%A3%9E%E6%9C%BA%E5%A4%A7%E6%88%98/NewProject/assets/script/GameManger.ts from cce:/internal/x/prerequisite-imports as file:///C:/Users/zxq/Desktop/%E9%A3%9E%E6%9C%BA%E5%A4%A7%E6%88%98/NewProject/assets/script/GameManger.ts.
debug: Resolve file:///C:/Users/zxq/Desktop/%E9%A3%9E%E6%9C%BA%E5%A4%A7%E6%88%98/NewProject/assets/script/Missile.ts from cce:/internal/x/prerequisite-imports as file:///C:/Users/zxq/Desktop/%E9%A3%9E%E6%9C%BA%E5%A4%A7%E6%88%98/NewProject/assets/script/Missile.ts.
debug: Resolve file:///C:/Users/zxq/Desktop/%E9%A3%9E%E6%9C%BA%E5%A4%A7%E6%88%98/NewProject/assets/script/Player.ts from cce:/internal/x/prerequisite-imports as file:///C:/Users/zxq/Desktop/%E9%A3%9E%E6%9C%BA%E5%A4%A7%E6%88%98/NewProject/assets/script/Player.ts.
debug: Resolve file:///C:/Users/zxq/Desktop/%E9%A3%9E%E6%9C%BA%E5%A4%A7%E6%88%98/NewProject/assets/script/PlayerBullet.ts from cce:/internal/x/prerequisite-imports as file:///C:/Users/zxq/Desktop/%E9%A3%9E%E6%9C%BA%E5%A4%A7%E6%88%98/NewProject/assets/script/PlayerBullet.ts.
debug: Resolve file:///C:/Users/zxq/Desktop/%E9%A3%9E%E6%9C%BA%E5%A4%A7%E6%88%98/NewProject/assets/script/Shield.ts from cce:/internal/x/prerequisite-imports as file:///C:/Users/zxq/Desktop/%E9%A3%9E%E6%9C%BA%E5%A4%A7%E6%88%98/NewProject/assets/script/Shield.ts.
debug: Target(editor) ends with cost 424.9915000000037ms.
debug: Target(preview) build started.
debug: Detected change: cce:/internal/x/cc. Last mtime: Thu Jan 01 1970 08:00:11 GMT+0800 (中国标准时间), Current mtime: Thu Jan 01 1970 08:00:18 GMT+0800 (中国标准时间)
debug: Inspect cce:/internal/x/cc
debug: Resolve cce:/internal/x/cc-fu/2d from cce:/internal/x/cc as external dependency cce:/internal/x/cc-fu/2d.
debug: Resolve cce:/internal/x/cc-fu/animation from cce:/internal/x/cc as external dependency cce:/internal/x/cc-fu/animation.
debug: Resolve cce:/internal/x/cc-fu/audio from cce:/internal/x/cc as external dependency cce:/internal/x/cc-fu/audio.
debug: Resolve cce:/internal/x/cc-fu/base from cce:/internal/x/cc as external dependency cce:/internal/x/cc-fu/base.
debug: Resolve cce:/internal/x/cc-fu/dragon-bones from cce:/internal/x/cc as external dependency cce:/internal/x/cc-fu/dragon-bones.
debug: Resolve cce:/internal/x/cc-fu/gfx-webgl from cce:/internal/x/cc as external dependency cce:/internal/x/cc-fu/gfx-webgl.
debug: Resolve cce:/internal/x/cc-fu/gfx-webgl2 from cce:/internal/x/cc as external dependency cce:/internal/x/cc-fu/gfx-webgl2.
debug: Resolve cce:/internal/x/cc-fu/intersection-2d from cce:/internal/x/cc as external dependency cce:/internal/x/cc-fu/intersection-2d.
debug: Resolve cce:/internal/x/cc-fu/particle-2d from cce:/internal/x/cc as external dependency cce:/internal/x/cc-fu/particle-2d.
debug: Resolve cce:/internal/x/cc-fu/physics-2d-builtin from cce:/internal/x/cc as external dependency cce:/internal/x/cc-fu/physics-2d-builtin.
debug: Resolve cce:/internal/x/cc-fu/physics-2d-framework from cce:/internal/x/cc as external dependency cce:/internal/x/cc-fu/physics-2d-framework.
debug: Resolve cce:/internal/x/cc-fu/profiler from cce:/internal/x/cc as external dependency cce:/internal/x/cc-fu/profiler.
debug: Resolve cce:/internal/x/cc-fu/skeletal-animation from cce:/internal/x/cc as external dependency cce:/internal/x/cc-fu/skeletal-animation.
debug: Resolve cce:/internal/x/cc-fu/spine from cce:/internal/x/cc as external dependency cce:/internal/x/cc-fu/spine.
debug: Resolve cce:/internal/x/cc-fu/tiled-map from cce:/internal/x/cc as external dependency cce:/internal/x/cc-fu/tiled-map.
debug: Resolve cce:/internal/x/cc-fu/tween from cce:/internal/x/cc as external dependency cce:/internal/x/cc-fu/tween.
debug: Resolve cce:/internal/x/cc-fu/ui from cce:/internal/x/cc as external dependency cce:/internal/x/cc-fu/ui.
debug: Resolve cce:/internal/x/cc-fu/video from cce:/internal/x/cc as external dependency cce:/internal/x/cc-fu/video.
debug: Resolve cce:/internal/x/cc-fu/webview from cce:/internal/x/cc as external dependency cce:/internal/x/cc-fu/webview.
debug: Detected change: cce:/internal/x/prerequisite-imports. Last mtime: Thu Jan 01 1970 08:39:53 GMT+0800 (中国标准时间), Current mtime: Thu Jan 01 1970 08:00:18 GMT+0800 (中国标准时间)
debug: Inspect cce:/internal/x/prerequisite-imports
debug: Resolve file:///C:/Users/zxq/Desktop/%E9%A3%9E%E6%9C%BA%E5%A4%A7%E6%88%98/NewProject/assets/script/Begin.ts from cce:/internal/x/prerequisite-imports as file:///C:/Users/zxq/Desktop/%E9%A3%9E%E6%9C%BA%E5%A4%A7%E6%88%98/NewProject/assets/script/Begin.ts.
debug: Resolve file:///C:/Users/zxq/Desktop/%E9%A3%9E%E6%9C%BA%E5%A4%A7%E6%88%98/NewProject/assets/script/Bgcontrol.ts from cce:/internal/x/prerequisite-imports as file:///C:/Users/zxq/Desktop/%E9%A3%9E%E6%9C%BA%E5%A4%A7%E6%88%98/NewProject/assets/script/Bgcontrol.ts.
debug: Resolve file:///C:/Users/zxq/Desktop/%E9%A3%9E%E6%9C%BA%E5%A4%A7%E6%88%98/NewProject/assets/script/Collider.ts from cce:/internal/x/prerequisite-imports as file:///C:/Users/zxq/Desktop/%E9%A3%9E%E6%9C%BA%E5%A4%A7%E6%88%98/NewProject/assets/script/Collider.ts.
debug: Detected change: cce:/internal/code-quality/cr.mjs. Last mtime: Fri Aug 19 2022 10:59:52 GMT+0800 (中国标准时间), Current mtime: Sat Aug 20 2022 08:07:27 GMT+0800 (中国标准时间)
debug: Inspect cce:/internal/code-quality/cr.mjs
debug: Detected change: file:///C:/Users/zxq/Desktop/%E9%A3%9E%E6%9C%BA%E5%A4%A7%E6%88%98/NewProject/assets/script/EnemyBullet.ts. Last mtime: Fri Aug 19 2022 10:43:19 GMT+0800 (中国标准时间)@5132c83e-a957-4398-a032-e2acfb112601, Current mtime: Fri Aug 19 2022 11:42:00 GMT+0800 (中国标准时间)@5132c83e-a957-4398-a032-e2acfb112601
debug: Inspect file:///C:/Users/zxq/Desktop/%E9%A3%9E%E6%9C%BA%E5%A4%A7%E6%88%98/NewProject/assets/script/EnemyBullet.ts
debug: Resolve cc from file:///C:/Users/zxq/Desktop/%E9%A3%9E%E6%9C%BA%E5%A4%A7%E6%88%98/NewProject/assets/script/EnemyBullet.ts as cce:/internal/x/cc.
debug: Resolve cc from file:///C:/Users/zxq/Desktop/%E9%A3%9E%E6%9C%BA%E5%A4%A7%E6%88%98/NewProject/assets/script/EnemyBullet.ts as cce:/internal/x/cc.
debug: Resolve file:///C:/Users/zxq/Desktop/%E9%A3%9E%E6%9C%BA%E5%A4%A7%E6%88%98/NewProject/assets/script/Enemy.ts from cce:/internal/x/prerequisite-imports as file:///C:/Users/zxq/Desktop/%E9%A3%9E%E6%9C%BA%E5%A4%A7%E6%88%98/NewProject/assets/script/Enemy.ts.
debug: Resolve file:///C:/Users/zxq/Desktop/%E9%A3%9E%E6%9C%BA%E5%A4%A7%E6%88%98/NewProject/assets/script/Enemy1.ts from cce:/internal/x/prerequisite-imports as file:///C:/Users/zxq/Desktop/%E9%A3%9E%E6%9C%BA%E5%A4%A7%E6%88%98/NewProject/assets/script/Enemy1.ts.
debug: Resolve file:///C:/Users/zxq/Desktop/%E9%A3%9E%E6%9C%BA%E5%A4%A7%E6%88%98/NewProject/assets/script/EnemyBullet.ts from cce:/internal/x/prerequisite-imports as file:///C:/Users/zxq/Desktop/%E9%A3%9E%E6%9C%BA%E5%A4%A7%E6%88%98/NewProject/assets/script/EnemyBullet.ts.
debug: Resolve file:///C:/Users/zxq/Desktop/%E9%A3%9E%E6%9C%BA%E5%A4%A7%E6%88%98/NewProject/assets/script/EnemyBullet1.ts from cce:/internal/x/prerequisite-imports as file:///C:/Users/zxq/Desktop/%E9%A3%9E%E6%9C%BA%E5%A4%A7%E6%88%98/NewProject/assets/script/EnemyBullet1.ts.
debug: Resolve file:///C:/Users/zxq/Desktop/%E9%A3%9E%E6%9C%BA%E5%A4%A7%E6%88%98/NewProject/assets/script/GameManger.ts from cce:/internal/x/prerequisite-imports as file:///C:/Users/zxq/Desktop/%E9%A3%9E%E6%9C%BA%E5%A4%A7%E6%88%98/NewProject/assets/script/GameManger.ts.
debug: Resolve file:///C:/Users/zxq/Desktop/%E9%A3%9E%E6%9C%BA%E5%A4%A7%E6%88%98/NewProject/assets/script/Missile.ts from cce:/internal/x/prerequisite-imports as file:///C:/Users/zxq/Desktop/%E9%A3%9E%E6%9C%BA%E5%A4%A7%E6%88%98/NewProject/assets/script/Missile.ts.
debug: Resolve file:///C:/Users/zxq/Desktop/%E9%A3%9E%E6%9C%BA%E5%A4%A7%E6%88%98/NewProject/assets/script/Player.ts from cce:/internal/x/prerequisite-imports as file:///C:/Users/zxq/Desktop/%E9%A3%9E%E6%9C%BA%E5%A4%A7%E6%88%98/NewProject/assets/script/Player.ts.
debug: Resolve file:///C:/Users/zxq/Desktop/%E9%A3%9E%E6%9C%BA%E5%A4%A7%E6%88%98/NewProject/assets/script/PlayerBullet.ts from cce:/internal/x/prerequisite-imports as file:///C:/Users/zxq/Desktop/%E9%A3%9E%E6%9C%BA%E5%A4%A7%E6%88%98/NewProject/assets/script/PlayerBullet.ts.
debug: Resolve file:///C:/Users/zxq/Desktop/%E9%A3%9E%E6%9C%BA%E5%A4%A7%E6%88%98/NewProject/assets/script/Shield.ts from cce:/internal/x/prerequisite-imports as file:///C:/Users/zxq/Desktop/%E9%A3%9E%E6%9C%BA%E5%A4%A7%E6%88%98/NewProject/assets/script/Shield.ts.
debug: Target(preview) ends with cost 211.94540000002598ms.
